c:\users\pc - p406\desktop\chicken invaders 2\x64\debug\vc143.pdb
c:\users\pc - p406\desktop\chicken invaders 2\x64\debug\vc143.idb
c:\users\pc - p406\desktop\chicken invaders 2\x64\debug\main.obj
c:\users\pc - p406\desktop\chicken invaders 2\x64\debug\gamemanagement.obj
c:\users\pc - p406\desktop\chicken invaders 2\x64\debug\commonfunction.obj
c:\users\pc - p406\desktop\chicken invaders 2\x64\debug\mainobject.obj
c:\users\pc - p406\desktop\chicken invaders 2\x64\debug\chicken.obj
c:\users\pc - p406\desktop\chicken invaders 2\x64\debug\baseobject.obj
c:\users\pc - p406\desktop\chicken invaders 2\x64\debug\bullet.obj
c:\users\pc - p406\desktop\chicken invaders 2\x64\debug\egg.obj
c:\users\pc - p406\desktop\chicken invaders 2\x64\debug\eggbreak.obj
c:\users\pc - p406\desktop\chicken invaders 2\x64\debug\explosion.obj
c:\users\pc - p406\desktop\chicken invaders 2\x64\debug\text.obj
c:\users\pc - p406\desktop\chicken invaders 2\x64\debug\chicken invaders 2.exe
c:\users\pc - p406\desktop\chicken invaders 2\x64\debug\chicken invaders 2.ilk
c:\users\pc - p406\desktop\chicken invaders 2\x64\debug\chicken invaders 2.pdb
c:\users\pc - p406\desktop\chicken invaders 2\x64\debug\chicken .7efe8722.tlog\cl.command.1.tlog
c:\users\pc - p406\desktop\chicken invaders 2\x64\debug\chicken .7efe8722.tlog\cl.read.1.tlog
c:\users\pc - p406\desktop\chicken invaders 2\x64\debug\chicken .7efe8722.tlog\cl.write.1.tlog
c:\users\pc - p406\desktop\chicken invaders 2\x64\debug\chicken .7efe8722.tlog\link.command.1.tlog
c:\users\pc - p406\desktop\chicken invaders 2\x64\debug\chicken .7efe8722.tlog\link.read.1.tlog
c:\users\pc - p406\desktop\chicken invaders 2\x64\debug\chicken .7efe8722.tlog\link.write.1.tlog
