  Asteroid.cpp
F:\git upload\Chicken-Invader-rmbm-\Asteroid.cpp(1,9): error C1083: Cannot open include file: 'Asteroid.h': No such file or directory
  BaseObject.cpp
F:\git upload\Chicken-Invader-rmbm-\BaseObject.cpp(1,9): error C1083: Cannot open include file: 'BaseObject.h': No such file or directory
  Bat.cpp
F:\git upload\Chicken-Invader-rmbm-\Bat.cpp(1,9): error C1083: Cannot open include file: 'Bat.h': No such file or directory
  Boss.cpp
F:\git upload\Chicken-Invader-rmbm-\Boss.cpp(1,9): error C1083: Cannot open include file: 'Boss.h': No such file or directory
  Bullet.cpp
F:\git upload\Chicken-Invader-rmbm-\Bullet.cpp(1,9): error C1083: Cannot open include file: 'Bullet.h': No such file or directory
  Chicken.cpp
F:\git upload\Chicken-Invader-rmbm-\Chicken.cpp(1,9): error C1083: Cannot open include file: 'Chicken.h': No such file or directory
  CommonFunction.cpp
F:\git upload\Chicken-Invader-rmbm-\CommonFunction.cpp(1,9): error C1083: Cannot open include file: 'CommonFunction.h': No such file or directory
  Egg.cpp
F:\git upload\Chicken-Invader-rmbm-\Egg.cpp(1,9): error C1083: Cannot open include file: 'Egg.h': No such file or directory
  EggBreak.cpp
F:\git upload\Chicken-Invader-rmbm-\EggBreak.cpp(1,9): error C1083: Cannot open include file: 'EggBreak.h': No such file or directory
  Explosion.cpp
F:\git upload\Chicken-Invader-rmbm-\Explosion.cpp(1,9): error C1083: Cannot open include file: 'Explosion.h': No such file or directory
  GameManagement.cpp
F:\git upload\Chicken-Invader-rmbm-\GameManagement.cpp(1,9): error C1083: Cannot open include file: 'GameManagement.h': No such file or directory
  Gift.cpp
F:\git upload\Chicken-Invader-rmbm-\Gift.cpp(1,9): error C1083: Cannot open include file: 'Gift.h': No such file or directory
  main.cpp
F:\git upload\Chicken-Invader-rmbm-\main.cpp(1,9): error C1083: Cannot open include file: 'GameManagement.h': No such file or directory
  MainObject.cpp
F:\git upload\Chicken-Invader-rmbm-\MainObject.cpp(1,9): error C1083: Cannot open include file: 'MainObject.h': No such file or directory
  Meat.cpp
F:\git upload\Chicken-Invader-rmbm-\Meat.cpp(1,9): error C1083: Cannot open include file: 'Meat.h': No such file or directory
  Menu.cpp
F:\git upload\Chicken-Invader-rmbm-\Menu.cpp(1,9): error C1083: Cannot open include file: 'Menu.h': No such file or directory
  Shield.cpp
F:\git upload\Chicken-Invader-rmbm-\Shield.cpp(1,9): error C1083: Cannot open include file: 'Shield.h': No such file or directory
  Text.cpp
F:\git upload\Chicken-Invader-rmbm-\Text.cpp(1,9): error C1083: Cannot open include file: 'Text.h': No such file or directory
